c:\users\okaythisissid\source\repos\project4\project9\debug\vc141.pdb
c:\users\okaythisissid\source\repos\project4\project9\debug\myform.obj
c:\users\okaythisissid\source\repos\project4\project9\debug\.netframework,version=v4.6.1.assemblyattributes.obj
c:\users\okaythisissid\source\repos\project4\project9\debug\.netframework,version=v4.6.1.assemblyattributes.asm
c:\users\okaythisissid\source\repos\project4\project9\debug\project9.myform.resources
c:\users\okaythisissid\source\repos\project4\debug\graphics.exe
c:\users\okaythisissid\source\repos\project4\debug\graphics.pdb
d:\git\manomlab\project9\debug\project9.vcxproj.generateresource.cache
d:\git\manomlab\project9\debug\project9.vcxprojassemblyreference.cache
d:\git\manomlab\project9\debug\.netframework,version=v4.6.1.assemblyattributes.obj
d:\git\manomlab\project9\debug\myform.obj
d:\git\manomlab\project9\debug\project9.myform.resources
d:\git\manomlab\project9\debug\vc141.pdb
d:\git\manomlab\debug\graphics.pdb
d:\git\manomlab\debug\graphics.exe
d:\git\manomlab\project9\debug\graphics.tlog\cl.command.1.tlog
d:\git\manomlab\project9\debug\graphics.tlog\cl.read.1.tlog
d:\git\manomlab\project9\debug\graphics.tlog\cl.write.1.tlog
d:\git\manomlab\project9\debug\graphics.tlog\graphics.write.1u.tlog
d:\git\manomlab\project9\debug\graphics.tlog\link.command.1.tlog
d:\git\manomlab\project9\debug\graphics.tlog\link.read.1.tlog
d:\git\manomlab\project9\debug\graphics.tlog\link.write.1.tlog
d:\git\manomlab\project9\debug\graphics.tlog\metagen.read.1.tlog
d:\git\manomlab\project9\debug\graphics.tlog\metagen.write.1.tlog
